Analysis & Synthesis report for fir_filter
Mon Apr 01 19:07:49 2024
Quartus Prime Version 20.1.1 Build 720 11/11/2020 SJ Lite Edition


---------------------
; Table of Contents ;
---------------------
  1. Legal Notice
  2. Analysis & Synthesis Summary
  3. Analysis & Synthesis Settings
  4. Parallel Compilation
  5. Analysis & Synthesis Source Files Read
  6. Analysis & Synthesis Resource Usage Summary
  7. Analysis & Synthesis Resource Utilization by Entity
  8. Analysis & Synthesis RAM Summary
  9. Analysis & Synthesis DSP Block Usage Summary
 10. Registers Removed During Synthesis
 11. General Register Statistics
 12. Inverted Register Statistics
 13. Registers Packed Into Inferred Megafunctions
 14. Multiplexer Restructuring Statistics (Restructuring Performed)
 15. Source assignments for altshift_taps:shift_reg_rtl_0|shift_taps_pev:auto_generated|altsyncram_djc1:altsyncram5
 16. Source assignments for altshift_taps:shift_reg_rtl_0|shift_taps_pev:auto_generated|cntr_a3h:cntr6
 17. Source assignments for altshift_taps:shift_reg_rtl_1|shift_taps_oev:auto_generated|altsyncram_bjc1:altsyncram5
 18. Source assignments for altshift_taps:shift_reg_rtl_1|shift_taps_oev:auto_generated|cntr_93h:cntr6
 19. Parameter Settings for User Entity Instance: Top-level Entity: |fir_filter
 20. Parameter Settings for Inferred Entity Instance: altshift_taps:shift_reg_rtl_0
 21. Parameter Settings for Inferred Entity Instance: altshift_taps:shift_reg_rtl_1
 22. altshift_taps Parameter Settings by Entity Instance
 23. Post-Synthesis Netlist Statistics for Top Partition
 24. Elapsed Time Per Partition
 25. Analysis & Synthesis Messages
 26. Analysis & Synthesis Suppressed Messages



----------------
; Legal Notice ;
----------------
Copyright (C) 2020  Intel Corporation. All rights reserved.
Your use of Intel Corporation's design tools, logic functions 
and other software and tools, and any partner logic 
functions, and any output files from any of the foregoing 
(including device programming or simulation files), and any 
associated documentation or information are expressly subject 
to the terms and conditions of the Intel Program License 
Subscription Agreement, the Intel Quartus Prime License Agreement,
the Intel FPGA IP License Agreement, or other applicable license
agreement, including, without limitation, that your use is for
the sole purpose of programming logic devices manufactured by
Intel and sold by Intel or its authorized distributors.  Please
refer to the applicable agreement for further details, at
https://fpgasoftware.intel.com/eula.



+-------------------------------------------------------------------------------+
; Analysis & Synthesis Summary                                                  ;
+---------------------------------+---------------------------------------------+
; Analysis & Synthesis Status     ; Successful - Mon Apr 01 19:07:49 2024       ;
; Quartus Prime Version           ; 20.1.1 Build 720 11/11/2020 SJ Lite Edition ;
; Revision Name                   ; fir_filter                                  ;
; Top-level Entity Name           ; fir_filter                                  ;
; Family                          ; Cyclone V                                   ;
; Logic utilization (in ALMs)     ; N/A                                         ;
; Total registers                 ; 316                                         ;
; Total pins                      ; 50                                          ;
; Total virtual pins              ; 0                                           ;
; Total block memory bits         ; 1,552                                       ;
; Total DSP Blocks                ; 2                                           ;
; Total HSSI RX PCSs              ; 0                                           ;
; Total HSSI PMA RX Deserializers ; 0                                           ;
; Total HSSI TX PCSs              ; 0                                           ;
; Total HSSI PMA TX Serializers   ; 0                                           ;
; Total PLLs                      ; 0                                           ;
; Total DLLs                      ; 0                                           ;
+---------------------------------+---------------------------------------------+


+---------------------------------------------------------------------------------------------------------------------------+
; Analysis & Synthesis Settings                                                                                             ;
+---------------------------------------------------------------------------------+--------------------+--------------------+
; Option                                                                          ; Setting            ; Default Value      ;
+---------------------------------------------------------------------------------+--------------------+--------------------+
; Device                                                                          ; 5CSEMA4U23C6       ;                    ;
; Top-level entity name                                                           ; fir_filter         ; fir_filter         ;
; Family name                                                                     ; Cyclone V          ; Cyclone V          ;
; Use smart compilation                                                           ; Off                ; Off                ;
; Enable parallel Assembler and Timing Analyzer during compilation                ; On                 ; On                 ;
; Enable compact report table                                                     ; Off                ; Off                ;
; Restructure Multiplexers                                                        ; Auto               ; Auto               ;
; MLAB Add Timing Constraints For Mixed-Port Feed-Through Mode Setting Don't Care ; Off                ; Off                ;
; Create Debugging Nodes for IP Cores                                             ; Off                ; Off                ;
; Preserve fewer node names                                                       ; On                 ; On                 ;
; Intel FPGA IP Evaluation Mode                                                   ; Enable             ; Enable             ;
; Verilog Version                                                                 ; Verilog_2001       ; Verilog_2001       ;
; VHDL Version                                                                    ; VHDL_1993          ; VHDL_1993          ;
; State Machine Processing                                                        ; Auto               ; Auto               ;
; Safe State Machine                                                              ; Off                ; Off                ;
; Extract Verilog State Machines                                                  ; On                 ; On                 ;
; Extract VHDL State Machines                                                     ; On                 ; On                 ;
; Ignore Verilog initial constructs                                               ; Off                ; Off                ;
; Iteration limit for constant Verilog loops                                      ; 5000               ; 5000               ;
; Iteration limit for non-constant Verilog loops                                  ; 250                ; 250                ;
; Add Pass-Through Logic to Inferred RAMs                                         ; On                 ; On                 ;
; Infer RAMs from Raw Logic                                                       ; On                 ; On                 ;
; Parallel Synthesis                                                              ; On                 ; On                 ;
; DSP Block Balancing                                                             ; Auto               ; Auto               ;
; NOT Gate Push-Back                                                              ; On                 ; On                 ;
; Power-Up Don't Care                                                             ; On                 ; On                 ;
; Remove Redundant Logic Cells                                                    ; Off                ; Off                ;
; Remove Duplicate Registers                                                      ; On                 ; On                 ;
; Ignore CARRY Buffers                                                            ; Off                ; Off                ;
; Ignore CASCADE Buffers                                                          ; Off                ; Off                ;
; Ignore GLOBAL Buffers                                                           ; Off                ; Off                ;
; Ignore ROW GLOBAL Buffers                                                       ; Off                ; Off                ;
; Ignore LCELL Buffers                                                            ; Off                ; Off                ;
; Ignore SOFT Buffers                                                             ; On                 ; On                 ;
; Limit AHDL Integers to 32 Bits                                                  ; Off                ; Off                ;
; Optimization Technique                                                          ; Balanced           ; Balanced           ;
; Carry Chain Length                                                              ; 70                 ; 70                 ;
; Auto Carry Chains                                                               ; On                 ; On                 ;
; Auto Open-Drain Pins                                                            ; On                 ; On                 ;
; Perform WYSIWYG Primitive Resynthesis                                           ; Off                ; Off                ;
; Auto ROM Replacement                                                            ; On                 ; On                 ;
; Auto RAM Replacement                                                            ; On                 ; On                 ;
; Auto DSP Block Replacement                                                      ; On                 ; On                 ;
; Auto Shift Register Replacement                                                 ; Auto               ; Auto               ;
; Allow Shift Register Merging across Hierarchies                                 ; Auto               ; Auto               ;
; Auto Clock Enable Replacement                                                   ; On                 ; On                 ;
; Strict RAM Replacement                                                          ; Off                ; Off                ;
; Allow Synchronous Control Signals                                               ; On                 ; On                 ;
; Force Use of Synchronous Clear Signals                                          ; Off                ; Off                ;
; Auto Resource Sharing                                                           ; Off                ; Off                ;
; Allow Any RAM Size For Recognition                                              ; Off                ; Off                ;
; Allow Any ROM Size For Recognition                                              ; Off                ; Off                ;
; Allow Any Shift Register Size For Recognition                                   ; Off                ; Off                ;
; Use LogicLock Constraints during Resource Balancing                             ; On                 ; On                 ;
; Ignore translate_off and synthesis_off directives                               ; Off                ; Off                ;
; Timing-Driven Synthesis                                                         ; On                 ; On                 ;
; Report Parameter Settings                                                       ; On                 ; On                 ;
; Report Source Assignments                                                       ; On                 ; On                 ;
; Report Connectivity Checks                                                      ; On                 ; On                 ;
; Ignore Maximum Fan-Out Assignments                                              ; Off                ; Off                ;
; Synchronization Register Chain Length                                           ; 3                  ; 3                  ;
; Power Optimization During Synthesis                                             ; Normal compilation ; Normal compilation ;
; HDL message level                                                               ; Level2             ; Level2             ;
; Suppress Register Optimization Related Messages                                 ; Off                ; Off                ;
; Number of Removed Registers Reported in Synthesis Report                        ; 5000               ; 5000               ;
; Number of Swept Nodes Reported in Synthesis Report                              ; 5000               ; 5000               ;
; Number of Inverted Registers Reported in Synthesis Report                       ; 100                ; 100                ;
; Clock MUX Protection                                                            ; On                 ; On                 ;
; Auto Gated Clock Conversion                                                     ; Off                ; Off                ;
; Block Design Naming                                                             ; Auto               ; Auto               ;
; SDC constraint protection                                                       ; Off                ; Off                ;
; Synthesis Effort                                                                ; Auto               ; Auto               ;
; Shift Register Replacement - Allow Asynchronous Clear Signal                    ; On                 ; On                 ;
; Pre-Mapping Resynthesis Optimization                                            ; Off                ; Off                ;
; Analysis & Synthesis Message Level                                              ; Medium             ; Medium             ;
; Disable Register Merging Across Hierarchies                                     ; Auto               ; Auto               ;
; Resource Aware Inference For Block RAM                                          ; On                 ; On                 ;
; Automatic Parallel Synthesis                                                    ; On                 ; On                 ;
; Partial Reconfiguration Bitstream ID                                            ; Off                ; Off                ;
+---------------------------------------------------------------------------------+--------------------+--------------------+


+------------------------------------------+
; Parallel Compilation                     ;
+----------------------------+-------------+
; Processors                 ; Number      ;
+----------------------------+-------------+
; Number detected on machine ; 8           ;
; Maximum allowed            ; 4           ;
;                            ;             ;
; Average used               ; 1.00        ;
; Maximum used               ; 4           ;
;                            ;             ;
; Usage by Processor         ; % Time Used ;
;     Processor 1            ; 100.0%      ;
;     Processor 2            ;   0.0%      ;
;     Processor 3            ;   0.0%      ;
;     Processor 4            ;   0.0%      ;
+----------------------------+-------------+


+--------------------------------------------------------------------------------------------------------------------------------------------------------------------------------------------------------------------------------------------------------------------+
; Analysis & Synthesis Source Files Read                                                                                                                                                                                                                             ;
+---------------------------------------------------------------------------------------------------+-----------------+------------------------------+-----------------------------------------------------------------------------------------------------+---------+
; File Name with User-Entered Path                                                                  ; Used in Netlist ; File Type                    ; File Name with Absolute Path                                                                        ; Library ;
+---------------------------------------------------------------------------------------------------+-----------------+------------------------------+-----------------------------------------------------------------------------------------------------+---------+
; ../design/fir_filter.v                                                                            ; yes             ; User Verilog HDL File        ; C:/Users/mdest/OneDrive/Documents/VLSI/FIR Filter/Verilog/design/fir_filter.v                       ;         ;
; /users/mdest/onedrive/documents/vlsi/fir filter/matlab/hardware_inputs/quantized_coefficients.txt ; yes             ; Auto-Found File              ; /users/mdest/onedrive/documents/vlsi/fir filter/matlab/hardware_inputs/quantized_coefficients.txt   ;         ;
; altshift_taps.tdf                                                                                 ; yes             ; Megafunction                 ; c:/intelfpga_lite/20.1/quartus/libraries/megafunctions/altshift_taps.tdf                            ;         ;
; altdpram.inc                                                                                      ; yes             ; Megafunction                 ; c:/intelfpga_lite/20.1/quartus/libraries/megafunctions/altdpram.inc                                 ;         ;
; lpm_counter.inc                                                                                   ; yes             ; Megafunction                 ; c:/intelfpga_lite/20.1/quartus/libraries/megafunctions/lpm_counter.inc                              ;         ;
; lpm_compare.inc                                                                                   ; yes             ; Megafunction                 ; c:/intelfpga_lite/20.1/quartus/libraries/megafunctions/lpm_compare.inc                              ;         ;
; lpm_constant.inc                                                                                  ; yes             ; Megafunction                 ; c:/intelfpga_lite/20.1/quartus/libraries/megafunctions/lpm_constant.inc                             ;         ;
; db/shift_taps_pev.tdf                                                                             ; yes             ; Auto-Generated Megafunction  ; C:/Users/mdest/OneDrive/Documents/VLSI/FIR Filter/Verilog/hardware_synthesis/db/shift_taps_pev.tdf  ;         ;
; db/altsyncram_djc1.tdf                                                                            ; yes             ; Auto-Generated Megafunction  ; C:/Users/mdest/OneDrive/Documents/VLSI/FIR Filter/Verilog/hardware_synthesis/db/altsyncram_djc1.tdf ;         ;
; db/cntr_mjf.tdf                                                                                   ; yes             ; Auto-Generated Megafunction  ; C:/Users/mdest/OneDrive/Documents/VLSI/FIR Filter/Verilog/hardware_synthesis/db/cntr_mjf.tdf        ;         ;
; db/cmpr_e9c.tdf                                                                                   ; yes             ; Auto-Generated Megafunction  ; C:/Users/mdest/OneDrive/Documents/VLSI/FIR Filter/Verilog/hardware_synthesis/db/cmpr_e9c.tdf        ;         ;
; db/cntr_a3h.tdf                                                                                   ; yes             ; Auto-Generated Megafunction  ; C:/Users/mdest/OneDrive/Documents/VLSI/FIR Filter/Verilog/hardware_synthesis/db/cntr_a3h.tdf        ;         ;
; db/shift_taps_oev.tdf                                                                             ; yes             ; Auto-Generated Megafunction  ; C:/Users/mdest/OneDrive/Documents/VLSI/FIR Filter/Verilog/hardware_synthesis/db/shift_taps_oev.tdf  ;         ;
; db/altsyncram_bjc1.tdf                                                                            ; yes             ; Auto-Generated Megafunction  ; C:/Users/mdest/OneDrive/Documents/VLSI/FIR Filter/Verilog/hardware_synthesis/db/altsyncram_bjc1.tdf ;         ;
; db/cntr_ljf.tdf                                                                                   ; yes             ; Auto-Generated Megafunction  ; C:/Users/mdest/OneDrive/Documents/VLSI/FIR Filter/Verilog/hardware_synthesis/db/cntr_ljf.tdf        ;         ;
; db/cntr_93h.tdf                                                                                   ; yes             ; Auto-Generated Megafunction  ; C:/Users/mdest/OneDrive/Documents/VLSI/FIR Filter/Verilog/hardware_synthesis/db/cntr_93h.tdf        ;         ;
+---------------------------------------------------------------------------------------------------+-----------------+------------------------------+-----------------------------------------------------------------------------------------------------+---------+


+---------------------------------------------------------+
; Analysis & Synthesis Resource Usage Summary             ;
+---------------------------------------------+-----------+
; Resource                                    ; Usage     ;
+---------------------------------------------+-----------+
; Estimate of Logic utilization (ALMs needed) ; 166       ;
;                                             ;           ;
; Combinational ALUT usage for logic          ; 171       ;
;     -- 7 input functions                    ; 0         ;
;     -- 6 input functions                    ; 3         ;
;     -- 5 input functions                    ; 5         ;
;     -- 4 input functions                    ; 3         ;
;     -- <=3 input functions                  ; 160       ;
;                                             ;           ;
; Dedicated logic registers                   ; 316       ;
;                                             ;           ;
; I/O pins                                    ; 50        ;
; Total MLAB memory bits                      ; 0         ;
; Total block memory bits                     ; 1552      ;
;                                             ;           ;
; Total DSP Blocks                            ; 2         ;
;                                             ;           ;
; Maximum fan-out node                        ; clk~input ;
; Maximum fan-out                             ; 348       ;
; Total fan-out                               ; 2031      ;
; Average fan-out                             ; 3.27      ;
+---------------------------------------------+-----------+


+------------------------------------------------------------------------------------------------------------------------------------------------------------------------------------------------------------------------------------------------------------------------------------------+
; Analysis & Synthesis Resource Utilization by Entity                                                                                                                                                                                                                                      ;
+----------------------------------------+---------------------+---------------------------+-------------------+------------+------+--------------+-------------------------------------------------------------------------------------------------------+-----------------+--------------+
; Compilation Hierarchy Node             ; Combinational ALUTs ; Dedicated Logic Registers ; Block Memory Bits ; DSP Blocks ; Pins ; Virtual Pins ; Full Hierarchy Name                                                                                   ; Entity Name     ; Library Name ;
+----------------------------------------+---------------------+---------------------------+-------------------+------------+------+--------------+-------------------------------------------------------------------------------------------------------+-----------------+--------------+
; |fir_filter                            ; 171 (108)           ; 316 (278)                 ; 1552              ; 2          ; 50   ; 0            ; |fir_filter                                                                                           ;                 ;              ;
;    |altshift_taps:shift_reg_rtl_0|     ; 32 (0)              ; 19 (0)                    ; 784               ; 0          ; 0    ; 0            ; |fir_filter|altshift_taps:shift_reg_rtl_0                                                             ; altshift_taps   ; work         ;
;       |shift_taps_pev:auto_generated|  ; 32 (11)             ; 19 (7)                    ; 784               ; 0          ; 0    ; 0            ; |fir_filter|altshift_taps:shift_reg_rtl_0|shift_taps_pev:auto_generated                               ; shift_taps_pev  ; work         ;
;          |altsyncram_djc1:altsyncram5| ; 0 (0)               ; 0 (0)                     ; 784               ; 0          ; 0    ; 0            ; |fir_filter|altshift_taps:shift_reg_rtl_0|shift_taps_pev:auto_generated|altsyncram_djc1:altsyncram5   ; altsyncram_djc1 ; work         ;
;          |cntr_a3h:cntr6|              ; 12 (12)             ; 6 (6)                     ; 0                 ; 0          ; 0    ; 0            ; |fir_filter|altshift_taps:shift_reg_rtl_0|shift_taps_pev:auto_generated|cntr_a3h:cntr6                ; cntr_a3h        ; work         ;
;          |cntr_mjf:cntr1|              ; 9 (8)               ; 6 (6)                     ; 0                 ; 0          ; 0    ; 0            ; |fir_filter|altshift_taps:shift_reg_rtl_0|shift_taps_pev:auto_generated|cntr_mjf:cntr1                ; cntr_mjf        ; work         ;
;             |cmpr_e9c:cmpr9|           ; 1 (1)               ; 0 (0)                     ; 0                 ; 0          ; 0    ; 0            ; |fir_filter|altshift_taps:shift_reg_rtl_0|shift_taps_pev:auto_generated|cntr_mjf:cntr1|cmpr_e9c:cmpr9 ; cmpr_e9c        ; work         ;
;    |altshift_taps:shift_reg_rtl_1|     ; 31 (0)              ; 19 (0)                    ; 768               ; 0          ; 0    ; 0            ; |fir_filter|altshift_taps:shift_reg_rtl_1                                                             ; altshift_taps   ; work         ;
;       |shift_taps_oev:auto_generated|  ; 31 (12)             ; 19 (7)                    ; 768               ; 0          ; 0    ; 0            ; |fir_filter|altshift_taps:shift_reg_rtl_1|shift_taps_oev:auto_generated                               ; shift_taps_oev  ; work         ;
;          |altsyncram_bjc1:altsyncram5| ; 0 (0)               ; 0 (0)                     ; 768               ; 0          ; 0    ; 0            ; |fir_filter|altshift_taps:shift_reg_rtl_1|shift_taps_oev:auto_generated|altsyncram_bjc1:altsyncram5   ; altsyncram_bjc1 ; work         ;
;          |cntr_93h:cntr6|              ; 11 (11)             ; 6 (6)                     ; 0                 ; 0          ; 0    ; 0            ; |fir_filter|altshift_taps:shift_reg_rtl_1|shift_taps_oev:auto_generated|cntr_93h:cntr6                ; cntr_93h        ; work         ;
;          |cntr_ljf:cntr1|              ; 8 (8)               ; 6 (6)                     ; 0                 ; 0          ; 0    ; 0            ; |fir_filter|altshift_taps:shift_reg_rtl_1|shift_taps_oev:auto_generated|cntr_ljf:cntr1                ; cntr_ljf        ; work         ;
+----------------------------------------+---------------------+---------------------------+-------------------+------------+------+--------------+-------------------------------------------------------------------------------------------------------+-----------------+--------------+
Note: For table entries with two numbers listed, the numbers in parentheses indicate the number of resources of the given type used by the specific entity alone. The numbers listed outside of parentheses indicate the total resources of the given type used by the specific entity and all of its sub-entities in the hierarchy.


+--------------------------------------------------------------------------------------------------------------------------------------------------------------------------------------------------------+
; Analysis & Synthesis RAM Summary                                                                                                                                                                       ;
+----------------------------------------------------------------------------------------------------+------+------------------+--------------+--------------+--------------+--------------+------+------+
; Name                                                                                               ; Type ; Mode             ; Port A Depth ; Port A Width ; Port B Depth ; Port B Width ; Size ; MIF  ;
+----------------------------------------------------------------------------------------------------+------+------------------+--------------+--------------+--------------+--------------+------+------+
; altshift_taps:shift_reg_rtl_0|shift_taps_pev:auto_generated|altsyncram_djc1:altsyncram5|ALTSYNCRAM ; AUTO ; Simple Dual Port ; 49           ; 16           ; 49           ; 16           ; 784  ; None ;
; altshift_taps:shift_reg_rtl_1|shift_taps_oev:auto_generated|altsyncram_bjc1:altsyncram5|ALTSYNCRAM ; AUTO ; Simple Dual Port ; 48           ; 16           ; 48           ; 16           ; 768  ; None ;
+----------------------------------------------------------------------------------------------------+------+------------------+--------------+--------------+--------------+--------------+------+------+


+-------------------------------------------------+
; Analysis & Synthesis DSP Block Usage Summary    ;
+-----------------------------------+-------------+
; Statistic                         ; Number Used ;
+-----------------------------------+-------------+
; Two Independent 18x18             ; 2           ;
; Total number of DSP blocks        ; 2           ;
;                                   ;             ;
; Fixed Point Signed Multiplier     ; 1           ;
; Fixed Point Mixed Sign Multiplier ; 1           ;
+-----------------------------------+-------------+


+----------------------------------------------------------------------+
; Registers Removed During Synthesis                                   ;
+---------------------------------------+------------------------------+
; Register name                         ; Reason for Removal           ;
+---------------------------------------+------------------------------+
; mult[49][30]                          ; Merged with mult[49][31]     ;
; mult_reg[49][31]                      ; Merged with mult_reg[49][30] ;
; Total Number of Removed Registers = 2 ;                              ;
+---------------------------------------+------------------------------+


+------------------------------------------------------+
; General Register Statistics                          ;
+----------------------------------------------+-------+
; Statistic                                    ; Value ;
+----------------------------------------------+-------+
; Total registers                              ; 316   ;
; Number of registers using Synchronous Clear  ; 179   ;
; Number of registers using Synchronous Load   ; 0     ;
; Number of registers using Asynchronous Clear ; 133   ;
; Number of registers using Asynchronous Load  ; 0     ;
; Number of registers using Clock Enable       ; 44    ;
; Number of registers using Preset             ; 0     ;
+----------------------------------------------+-------+


+-------------------------------------------------------------------------------------------------------+
; Inverted Register Statistics                                                                          ;
+---------------------------------------------------------------------------------------------+---------+
; Inverted Register                                                                           ; Fan out ;
+---------------------------------------------------------------------------------------------+---------+
; altshift_taps:shift_reg_rtl_1|shift_taps_oev:auto_generated|dffe7                           ; 16      ;
; altshift_taps:shift_reg_rtl_0|shift_taps_pev:auto_generated|dffe7                           ; 16      ;
; altshift_taps:shift_reg_rtl_1|shift_taps_oev:auto_generated|cntr_93h:cntr6|counter_reg_bit5 ; 1       ;
; altshift_taps:shift_reg_rtl_0|shift_taps_pev:auto_generated|cntr_a3h:cntr6|counter_reg_bit5 ; 1       ;
; altshift_taps:shift_reg_rtl_1|shift_taps_oev:auto_generated|cntr_93h:cntr6|counter_reg_bit3 ; 1       ;
; altshift_taps:shift_reg_rtl_0|shift_taps_pev:auto_generated|cntr_a3h:cntr6|counter_reg_bit3 ; 1       ;
; altshift_taps:shift_reg_rtl_1|shift_taps_oev:auto_generated|cntr_93h:cntr6|counter_reg_bit2 ; 1       ;
; altshift_taps:shift_reg_rtl_0|shift_taps_pev:auto_generated|cntr_a3h:cntr6|counter_reg_bit2 ; 1       ;
; altshift_taps:shift_reg_rtl_1|shift_taps_oev:auto_generated|cntr_93h:cntr6|counter_reg_bit1 ; 1       ;
; altshift_taps:shift_reg_rtl_0|shift_taps_pev:auto_generated|cntr_a3h:cntr6|counter_reg_bit1 ; 1       ;
; altshift_taps:shift_reg_rtl_0|shift_taps_pev:auto_generated|cntr_a3h:cntr6|counter_reg_bit0 ; 1       ;
; Total number of inverted registers = 11                                                     ;         ;
+---------------------------------------------------------------------------------------------+---------+


+---------------------------------------------------------+
; Registers Packed Into Inferred Megafunctions            ;
+--------------------------+-----------------+------------+
; Register Name            ; Megafunction    ; Type       ;
+--------------------------+-----------------+------------+
; shift_reg[50..98][0..15] ; shift_reg_rtl_0 ; SHIFT_TAPS ;
; shift_reg[1..48][0..15]  ; shift_reg_rtl_1 ; SHIFT_TAPS ;
+--------------------------+-----------------+------------+


+--------------------------------------------------------------------------------------------------------------------------------------------+
; Multiplexer Restructuring Statistics (Restructuring Performed)                                                                             ;
+--------------------+-----------+---------------+----------------------+------------------------+------------+------------------------------+
; Multiplexer Inputs ; Bus Width ; Baseline Area ; Area if Restructured ; Saving if Restructured ; Registered ; Example Multiplexer Output   ;
+--------------------+-----------+---------------+----------------------+------------------------+------------+------------------------------+
; 3:1                ; 32 bits   ; 64 LEs        ; 0 LEs                ; 64 LEs                 ; Yes        ; |fir_filter|data_out[1]~reg0 ;
+--------------------+-----------+---------------+----------------------+------------------------+------------+------------------------------+


+----------------------------------------------------------------------------------------------------------------+
; Source assignments for altshift_taps:shift_reg_rtl_0|shift_taps_pev:auto_generated|altsyncram_djc1:altsyncram5 ;
+---------------------------------+--------------------+------+--------------------------------------------------+
; Assignment                      ; Value              ; From ; To                                               ;
+---------------------------------+--------------------+------+--------------------------------------------------+
; OPTIMIZE_POWER_DURING_SYNTHESIS ; NORMAL_COMPILATION ; -    ; -                                                ;
+---------------------------------+--------------------+------+--------------------------------------------------+


+---------------------------------------------------------------------------------------------------+
; Source assignments for altshift_taps:shift_reg_rtl_0|shift_taps_pev:auto_generated|cntr_a3h:cntr6 ;
+----------------+-------+------+-------------------------------------------------------------------+
; Assignment     ; Value ; From ; To                                                                ;
+----------------+-------+------+-------------------------------------------------------------------+
; POWER_UP_LEVEL ; HIGH  ; -    ; counter_reg_bit0                                                  ;
; POWER_UP_LEVEL ; HIGH  ; -    ; counter_reg_bit1                                                  ;
; POWER_UP_LEVEL ; HIGH  ; -    ; counter_reg_bit2                                                  ;
; POWER_UP_LEVEL ; HIGH  ; -    ; counter_reg_bit3                                                  ;
; POWER_UP_LEVEL ; HIGH  ; -    ; counter_reg_bit5                                                  ;
+----------------+-------+------+-------------------------------------------------------------------+


+----------------------------------------------------------------------------------------------------------------+
; Source assignments for altshift_taps:shift_reg_rtl_1|shift_taps_oev:auto_generated|altsyncram_bjc1:altsyncram5 ;
+---------------------------------+--------------------+------+--------------------------------------------------+
; Assignment                      ; Value              ; From ; To                                               ;
+---------------------------------+--------------------+------+--------------------------------------------------+
; OPTIMIZE_POWER_DURING_SYNTHESIS ; NORMAL_COMPILATION ; -    ; -                                                ;
+---------------------------------+--------------------+------+--------------------------------------------------+


+---------------------------------------------------------------------------------------------------+
; Source assignments for altshift_taps:shift_reg_rtl_1|shift_taps_oev:auto_generated|cntr_93h:cntr6 ;
+----------------+-------+------+-------------------------------------------------------------------+
; Assignment     ; Value ; From ; To                                                                ;
+----------------+-------+------+-------------------------------------------------------------------+
; POWER_UP_LEVEL ; HIGH  ; -    ; counter_reg_bit1                                                  ;
; POWER_UP_LEVEL ; HIGH  ; -    ; counter_reg_bit2                                                  ;
; POWER_UP_LEVEL ; HIGH  ; -    ; counter_reg_bit3                                                  ;
; POWER_UP_LEVEL ; HIGH  ; -    ; counter_reg_bit5                                                  ;
+----------------+-------+------+-------------------------------------------------------------------+


+----------------------------------------------------------------------------+
; Parameter Settings for User Entity Instance: Top-level Entity: |fir_filter ;
+-------------------+-------+------------------------------------------------+
; Parameter Name    ; Value ; Type                                           ;
+-------------------+-------+------------------------------------------------+
; N                 ; 100   ; Signed Integer                                 ;
; COEFFICIENT_WIDTH ; 16    ; Signed Integer                                 ;
; N_HALF            ; 50    ; Signed Integer                                 ;
+-------------------+-------+------------------------------------------------+
Note: In order to hide this table in the UI and the text report file, please set the "Show Parameter Settings in Synthesis Report" option in "Analysis and Synthesis Settings -> More Settings" to "Off".


+--------------------------------------------------------------------------------+
; Parameter Settings for Inferred Entity Instance: altshift_taps:shift_reg_rtl_0 ;
+----------------+----------------+----------------------------------------------+
; Parameter Name ; Value          ; Type                                         ;
+----------------+----------------+----------------------------------------------+
; WIDTH_BYTEENA  ; 1              ; Untyped                                      ;
; NUMBER_OF_TAPS ; 1              ; Untyped                                      ;
; TAP_DISTANCE   ; 49             ; Untyped                                      ;
; WIDTH          ; 16             ; Untyped                                      ;
; POWER_UP_STATE ; DONT_CARE      ; Untyped                                      ;
; CBXI_PARAMETER ; shift_taps_pev ; Untyped                                      ;
+----------------+----------------+----------------------------------------------+
Note: In order to hide this table in the UI and the text report file, please set the "Show Parameter Settings in Synthesis Report" option in "Analysis and Synthesis Settings -> More Settings" to "Off".


+--------------------------------------------------------------------------------+
; Parameter Settings for Inferred Entity Instance: altshift_taps:shift_reg_rtl_1 ;
+----------------+----------------+----------------------------------------------+
; Parameter Name ; Value          ; Type                                         ;
+----------------+----------------+----------------------------------------------+
; WIDTH_BYTEENA  ; 1              ; Untyped                                      ;
; NUMBER_OF_TAPS ; 1              ; Untyped                                      ;
; TAP_DISTANCE   ; 48             ; Untyped                                      ;
; WIDTH          ; 16             ; Untyped                                      ;
; POWER_UP_STATE ; DONT_CARE      ; Untyped                                      ;
; CBXI_PARAMETER ; shift_taps_oev ; Untyped                                      ;
+----------------+----------------+----------------------------------------------+
Note: In order to hide this table in the UI and the text report file, please set the "Show Parameter Settings in Synthesis Report" option in "Analysis and Synthesis Settings -> More Settings" to "Off".


+------------------------------------------------------------+
; altshift_taps Parameter Settings by Entity Instance        ;
+----------------------------+-------------------------------+
; Name                       ; Value                         ;
+----------------------------+-------------------------------+
; Number of entity instances ; 2                             ;
; Entity Instance            ; altshift_taps:shift_reg_rtl_0 ;
;     -- NUMBER_OF_TAPS      ; 1                             ;
;     -- TAP_DISTANCE        ; 49                            ;
;     -- WIDTH               ; 16                            ;
; Entity Instance            ; altshift_taps:shift_reg_rtl_1 ;
;     -- NUMBER_OF_TAPS      ; 1                             ;
;     -- TAP_DISTANCE        ; 48                            ;
;     -- WIDTH               ; 16                            ;
+----------------------------+-------------------------------+


+-----------------------------------------------------+
; Post-Synthesis Netlist Statistics for Top Partition ;
+-----------------------+-----------------------------+
; Type                  ; Count                       ;
+-----------------------+-----------------------------+
; arriav_ff             ; 316                         ;
;     CLR               ; 113                         ;
;     CLR SCLR          ; 8                           ;
;     ENA CLR           ; 12                          ;
;     ENA SCLR          ; 32                          ;
;     SCLR              ; 139                         ;
;     plain             ; 12                          ;
; arriav_lcell_comb     ; 171                         ;
;     arith             ; 144                         ;
;         0 data inputs ; 4                           ;
;         1 data inputs ; 41                          ;
;         2 data inputs ; 96                          ;
;         3 data inputs ; 3                           ;
;     normal            ; 27                          ;
;         1 data inputs ; 15                          ;
;         3 data inputs ; 1                           ;
;         4 data inputs ; 3                           ;
;         5 data inputs ; 5                           ;
;         6 data inputs ; 3                           ;
; arriav_mac            ; 2                           ;
; boundary_port         ; 50                          ;
; stratixv_ram_block    ; 32                          ;
;                       ;                             ;
; Max LUT depth         ; 4.10                        ;
; Average LUT depth     ; 1.73                        ;
+-----------------------+-----------------------------+


+-------------------------------+
; Elapsed Time Per Partition    ;
+----------------+--------------+
; Partition Name ; Elapsed Time ;
+----------------+--------------+
; Top            ; 00:00:00     ;
+----------------+--------------+


+-------------------------------+
; Analysis & Synthesis Messages ;
+-------------------------------+
Info: *******************************************************************
Info: Running Quartus Prime Analysis & Synthesis
    Info: Version 20.1.1 Build 720 11/11/2020 SJ Lite Edition
    Info: Processing started: Mon Apr 01 19:07:42 2024
Info: Command: quartus_map --read_settings_files=on --write_settings_files=off FIR_filter_hardware_synthesis -c fir_filter
Warning (18236): Number of processors has not been specified which may cause overloading on shared machines.  Set the global assignment NUM_PARALLEL_PROCESSORS in your QSF to an appropriate value for best performance.
Info (20030): Parallel compilation is enabled and will use 4 of the 4 processors detected
Info (12021): Found 1 design units, including 1 entities, in source file /users/mdest/onedrive/documents/vlsi/fir filter/verilog/design/fir_filter.v
    Info (12023): Found entity 1: fir_filter File: C:/Users/mdest/OneDrive/Documents/VLSI/FIR Filter/Verilog/design/fir_filter.v Line: 7
Info (12127): Elaborating entity "fir_filter" for the top level hierarchy
Warning (10230): Verilog HDL assignment warning at fir_filter.v(63): truncated value with size 32 to match size of target (8) File: C:/Users/mdest/OneDrive/Documents/VLSI/FIR Filter/Verilog/design/fir_filter.v Line: 63
Info (286030): Timing-Driven Synthesis is running
Info (19000): Inferred 2 megafunctions from design logic
    Info (276034): Inferred altshift_taps megafunction from the following design logic: "shift_reg_rtl_0"
        Info (286033): Parameter NUMBER_OF_TAPS set to 1
        Info (286033): Parameter TAP_DISTANCE set to 49
        Info (286033): Parameter WIDTH set to 16
        Info (286033): Parameter POWER_UP_STATE set to DONT_CARE
    Info (276034): Inferred altshift_taps megafunction from the following design logic: "shift_reg_rtl_1"
        Info (286033): Parameter NUMBER_OF_TAPS set to 1
        Info (286033): Parameter TAP_DISTANCE set to 48
        Info (286033): Parameter WIDTH set to 16
        Info (286033): Parameter POWER_UP_STATE set to DONT_CARE
Info (12130): Elaborated megafunction instantiation "altshift_taps:shift_reg_rtl_0"
Info (12133): Instantiated megafunction "altshift_taps:shift_reg_rtl_0" with the following parameter:
    Info (12134): Parameter "NUMBER_OF_TAPS" = "1"
    Info (12134): Parameter "TAP_DISTANCE" = "49"
    Info (12134): Parameter "WIDTH" = "16"
    Info (12134): Parameter "POWER_UP_STATE" = "DONT_CARE"
Info (12021): Found 1 design units, including 1 entities, in source file db/shift_taps_pev.tdf
    Info (12023): Found entity 1: shift_taps_pev File: C:/Users/mdest/OneDrive/Documents/VLSI/FIR Filter/Verilog/hardware_synthesis/db/shift_taps_pev.tdf Line: 29
Info (12021): Found 1 design units, including 1 entities, in source file db/altsyncram_djc1.tdf
    Info (12023): Found entity 1: altsyncram_djc1 File: C:/Users/mdest/OneDrive/Documents/VLSI/FIR Filter/Verilog/hardware_synthesis/db/altsyncram_djc1.tdf Line: 28
Info (12021): Found 1 design units, including 1 entities, in source file db/cntr_mjf.tdf
    Info (12023): Found entity 1: cntr_mjf File: C:/Users/mdest/OneDrive/Documents/VLSI/FIR Filter/Verilog/hardware_synthesis/db/cntr_mjf.tdf Line: 28
Info (12021): Found 1 design units, including 1 entities, in source file db/cmpr_e9c.tdf
    Info (12023): Found entity 1: cmpr_e9c File: C:/Users/mdest/OneDrive/Documents/VLSI/FIR Filter/Verilog/hardware_synthesis/db/cmpr_e9c.tdf Line: 23
Info (12021): Found 1 design units, including 1 entities, in source file db/cntr_a3h.tdf
    Info (12023): Found entity 1: cntr_a3h File: C:/Users/mdest/OneDrive/Documents/VLSI/FIR Filter/Verilog/hardware_synthesis/db/cntr_a3h.tdf Line: 28
Info (12130): Elaborated megafunction instantiation "altshift_taps:shift_reg_rtl_1"
Info (12133): Instantiated megafunction "altshift_taps:shift_reg_rtl_1" with the following parameter:
    Info (12134): Parameter "NUMBER_OF_TAPS" = "1"
    Info (12134): Parameter "TAP_DISTANCE" = "48"
    Info (12134): Parameter "WIDTH" = "16"
    Info (12134): Parameter "POWER_UP_STATE" = "DONT_CARE"
Info (12021): Found 1 design units, including 1 entities, in source file db/shift_taps_oev.tdf
    Info (12023): Found entity 1: shift_taps_oev File: C:/Users/mdest/OneDrive/Documents/VLSI/FIR Filter/Verilog/hardware_synthesis/db/shift_taps_oev.tdf Line: 29
Info (12021): Found 1 design units, including 1 entities, in source file db/altsyncram_bjc1.tdf
    Info (12023): Found entity 1: altsyncram_bjc1 File: C:/Users/mdest/OneDrive/Documents/VLSI/FIR Filter/Verilog/hardware_synthesis/db/altsyncram_bjc1.tdf Line: 28
Info (12021): Found 1 design units, including 1 entities, in source file db/cntr_ljf.tdf
    Info (12023): Found entity 1: cntr_ljf File: C:/Users/mdest/OneDrive/Documents/VLSI/FIR Filter/Verilog/hardware_synthesis/db/cntr_ljf.tdf Line: 28
Info (12021): Found 1 design units, including 1 entities, in source file db/cntr_93h.tdf
    Info (12023): Found entity 1: cntr_93h File: C:/Users/mdest/OneDrive/Documents/VLSI/FIR Filter/Verilog/hardware_synthesis/db/cntr_93h.tdf Line: 28
Info (144001): Generated suppressed messages file C:/Users/mdest/OneDrive/Documents/VLSI/FIR Filter/Verilog/hardware_synthesis/output_files/fir_filter.map.smsg
Info (16010): Generating hard_block partition "hard_block:auto_generated_inst"
    Info (16011): Adding 0 node(s), including 0 DDIO, 0 PLL, 0 transceiver and 0 LCELL
Info (21057): Implemented 429 device resources after synthesis - the final resource count might be different
    Info (21058): Implemented 18 input pins
    Info (21059): Implemented 32 output pins
    Info (21061): Implemented 345 logic cells
    Info (21064): Implemented 32 RAM segments
    Info (21062): Implemented 2 DSP elements
Info: Quartus Prime Analysis & Synthesis was successful. 0 errors, 2 warnings
    Info: Peak virtual memory: 4843 megabytes
    Info: Processing ended: Mon Apr 01 19:07:49 2024
    Info: Elapsed time: 00:00:07
    Info: Total CPU time (on all processors): 00:00:06


+------------------------------------------+
; Analysis & Synthesis Suppressed Messages ;
+------------------------------------------+
The suppressed messages can be found in C:/Users/mdest/OneDrive/Documents/VLSI/FIR Filter/Verilog/hardware_synthesis/output_files/fir_filter.map.smsg.


