Multi Corner Summary (4/4 corners) report for fir_filter
Mon Apr 01 17:00:35 2024
Quartus Prime Version 20.1.1 Build 720 11/11/2020 SJ Lite Edition


---------------------
; Table of Contents ;
---------------------
  1. Legal Notice
  2. Multi Corner Summary (4/4 corners)



----------------
; Legal Notice ;
----------------
Copyright (C) 2020  Intel Corporation. All rights reserved.
Your use of Intel Corporation's design tools, logic functions 
and other software and tools, and any partner logic 
functions, and any output files from any of the foregoing 
(including device programming or simulation files), and any 
associated documentation or information are expressly subject 
to the terms and conditions of the Intel Program License 
Subscription Agreement, the Intel Quartus Prime License Agreement,
the Intel FPGA IP License Agreement, or other applicable license
agreement, including, without limitation, that your use is for
the sole purpose of programming logic devices manufactured by
Intel and sold by Intel or its authorized distributors.  Please
refer to the applicable agreement for further details, at
https://fpgasoftware.intel.com/eula.



Corners in summary:
Fast 1100mV 0C Model
Slow 1100mV 85C Model
Fast 1100mV 85C Model
Slow 1100mV 0C Model
+------------------------------------------------------+
; Multi Corner Summary (4/4 corners)                   ;
+----------------------+-------+-------+---------------+
; Worst-case Corner    ; Clock ; Slack ; End Point TNS ;
+----------------------+-------+-------+---------------+
; Fast 1100mV 0C Model ; clk   ; 0.103 ; 0.000         ;
+----------------------+-------+-------+---------------+


